
> a-study-tracker-saas-where-students-sign-im6pm@0.1.0 build
> next build

⚠ `eslint` configuration in next.config.ts is no longer supported. See more info here: https://nextjs.org/docs/app/api-reference/cli/next#next-lint-options
⚠ Invalid next.config.ts options detected: 
⚠     Unrecognized key(s) in object: 'eslint'
⚠ See more info here: https://nextjs.org/docs/messages/invalid-next-config
⚠ No build cache found. Please configure build caching for faster rebuilds. Read more: https://nextjs.org/docs/messages/no-cache
Attention: Next.js now collects completely anonymous telemetry regarding usage.
This information is used to shape Next.js' roadmap and prioritize features.
You can learn more, including how to opt-out if you'd not like to participate in this anonymous program, by visiting the following URL:
https://nextjs.org/telemetry

▲ Next.js 16.2.10 (Turbopack)

  Creating an optimized production build ...
✓ Compiled successfully in 2.7s
  Skipping validation of types
  Finished TypeScript config validation in 6ms ...
  Collecting page data using 3 workers ...
  Generating static pages using 3 workers (0/8) ...
  Generating static pages using 3 workers (2/8) 
  Generating static pages using 3 workers (4/8) 
  Generating static pages using 3 workers (6/8) 
✓ Generating static pages using 3 workers (8/8) in 197ms
  Finalizing page optimization ...

Route (app)
┌ ƒ /
├ ○ /_not-found
├ ƒ /api/auth
├ ƒ /api/items
├ ƒ /dashboard
└ ○ /login


○  (Static)   prerendered as static content
ƒ  (Dynamic)  server-rendered on demand

